#
# There is insufficient memory for the Java Runtime Environment to continue.
# Native memory allocation (malloc) failed to allocate 1227536 bytes for Chunk::new
# Possible reasons:
#   The system is out of physical RAM or swap space
#   The process is running with CompressedOops enabled, and the Java Heap may be blocking the growth of the native heap
# Possible solutions:
#   Reduce memory load on the system
#   Increase physical memory or swap space
#   Check if swap backing store is full
#   Decrease Java heap size (-Xmx/-Xms)
#   Decrease number of Java threads
#   Decrease Java thread stack sizes (-Xss)
#   Set larger code cache with -XX:ReservedCodeCacheSize=
#   JVM is running with Unscaled Compressed Oops mode in which the Java heap is
#     placed in the first 4GB address space. The Java Heap base address is the
#     maximum limit for the native heap growth. Please use -XX:HeapBaseMinAddress
#     to set the Java Heap base and to place the Java Heap above 4GB virtual address.
# This output file may be truncated or incomplete.
#
#  Out of Memory Error (./src/hotspot/share/memory/arena.cpp:197), pid=840, tid=17260
#
# JRE version: OpenJDK Runtime Environment (11.0.8+10) (build 11.0.8+10-b944.6842174)
# Java VM: OpenJDK 64-Bit Server VM (11.0.8+10-b944.6842174, mixed mode, tiered, compressed oops, g1 gc, windows-amd64)
# No core dump will be written. Minidumps are not enabled by default on client versions of Windows
#

---------------  S U M M A R Y ------------

Command Line: --add-opens=java.base/java.util=ALL-UNNAMED --add-opens=java.base/java.lang=ALL-UNNAMED --add-opens=java.base/java.lang.invoke=ALL-UNNAMED --add-opens=java.prefs/java.util.prefs=ALL-UNNAMED -Xmx2048m -Dfile.encoding=UTF-8 -Duser.country=CN -Duser.language=zh -Duser.variant org.gradle.launcher.daemon.bootstrap.GradleDaemon 6.1.1

Host: Intel(R) Core(TM) i5-9300H CPU @ 2.40GHz, 8 cores, 15G,  Windows 10 , 64 bit Build 19041 (10.0.19041.1151)
Time: Wed Sep 15 14:31:56 2021 中国标准时间 elapsed time: 10 seconds (0d 0h 0m 10s)

---------------  T H R E A D  ---------------

Current thread (0x000001e306b70000):  JavaThread "C2 CompilerThread2" daemon [_thread_in_native, id=17260, stack(0x0000000719600000,0x0000000719700000)]


Current CompileTask:
C2:  10001 6022 %     4       org.gradle.internal.instantiation.generator.AbstractClassGenerator::inspectType @ 250 (559 bytes)

Stack: [0x0000000719600000,0x0000000719700000]
Native frames: (J=compiled Java code, j=interpreted, Vv=VM code, C=native code)
V  [jvm.dll+0x5de50a]
V  [jvm.dll+0x7122f5]
V  [jvm.dll+0x71384d]
V  [jvm.dll+0x713f03]
V  [jvm.dll+0x23e728]
V  [jvm.dll+0xb899c]
V  [jvm.dll+0xb8e9c]
V  [jvm.dll+0x35020b]
V  [jvm.dll+0x193ebc]
V  [jvm.dll+0x1f780e]
V  [jvm.dll+0x1f68d4]
V  [jvm.dll+0x17f32c]
V  [jvm.dll+0x205047]
V  [jvm.dll+0x203891]
V  [jvm.dll+0x6dad3f]
V  [jvm.dll+0x6d3895]
V  [jvm.dll+0x5dd4a6]
C  [ucrtbase.dll+0x21bb2]
C  [KERNEL32.DLL+0x17034]
C  [ntdll.dll+0x52651]


---------------  P R O C E S S  ---------------

Threads class SMR info:
_java_thread_list=0x000001e3056bacd0, length=42, elements={
0x000001e369e2b000, 0x000001e304a27000, 0x000001e304a30800, 0x000001e304aa3800,
0x000001e304aa6000, 0x000001e304aa7000, 0x000001e304ab6800, 0x000001e304ac0000,
0x000001e304c2f800, 0x000001e304c4d800, 0x000001e3067ea800, 0x000001e305b64800,
0x000001e3069d3800, 0x000001e304e94800, 0x000001e3062f0000, 0x000001e306388800,
0x000001e306497000, 0x000001e30597c800, 0x000001e306803000, 0x000001e305faf000,
0x000001e305ec4800, 0x000001e3064b3000, 0x000001e3064b1800, 0x000001e3064b2000,
0x000001e3064b4000, 0x000001e3064b0800, 0x000001e3064b5800, 0x000001e3064b0000,
0x000001e3064b6800, 0x000001e306e7d000, 0x000001e306e7e000, 0x000001e306e7f000,
0x000001e306e7f800, 0x000001e306e7a000, 0x000001e306e84800, 0x000001e306e85800,
0x000001e306e86000, 0x000001e306e82000, 0x000001e306b70000, 0x000001e306e87000,
0x000001e306e81000, 0x000001e306e88000
}

Java Threads: ( => current thread )
  0x000001e369e2b000 JavaThread "main" [_thread_blocked, id=3300, stack(0x0000000716f00000,0x0000000717000000)]
  0x000001e304a27000 JavaThread "Reference Handler" daemon [_thread_blocked, id=19244, stack(0x0000000717600000,0x0000000717700000)]
  0x000001e304a30800 JavaThread "Finalizer" daemon [_thread_blocked, id=22024, stack(0x0000000717700000,0x0000000717800000)]
  0x000001e304aa3800 JavaThread "Signal Dispatcher" daemon [_thread_blocked, id=16056, stack(0x0000000717800000,0x0000000717900000)]
  0x000001e304aa6000 JavaThread "Attach Listener" daemon [_thread_blocked, id=17976, stack(0x0000000717900000,0x0000000717a00000)]
  0x000001e304aa7000 JavaThread "C2 CompilerThread0" daemon [_thread_in_native, id=7508, stack(0x0000000717a00000,0x0000000717b00000)]
  0x000001e304ab6800 JavaThread "C1 CompilerThread0" daemon [_thread_blocked, id=17460, stack(0x0000000717b00000,0x0000000717c00000)]
  0x000001e304ac0000 JavaThread "Sweeper thread" daemon [_thread_blocked, id=9840, stack(0x0000000717c00000,0x0000000717d00000)]
  0x000001e304c2f800 JavaThread "Common-Cleaner" daemon [_thread_blocked, id=11092, stack(0x0000000717d00000,0x0000000717e00000)]
  0x000001e304c4d800 JavaThread "Service Thread" daemon [_thread_blocked, id=20340, stack(0x0000000717e00000,0x0000000717f00000)]
  0x000001e3067ea800 JavaThread "Daemon health stats" [_thread_blocked, id=17684, stack(0x0000000718600000,0x0000000718700000)]
  0x000001e305b64800 JavaThread "Incoming local TCP Connector on port 57527" [_thread_in_native, id=18828, stack(0x0000000718000000,0x0000000718100000)]
  0x000001e3069d3800 JavaThread "Daemon periodic checks" [_thread_blocked, id=4724, stack(0x0000000718700000,0x0000000718800000)]
  0x000001e304e94800 JavaThread "Daemon" [_thread_blocked, id=1772, stack(0x0000000718800000,0x0000000718900000)]
  0x000001e3062f0000 JavaThread "Handler for socket connection from /127.0.0.1:57527 to /127.0.0.1:57528" [_thread_in_native, id=19436, stack(0x0000000718900000,0x0000000718a00000)]
  0x000001e306388800 JavaThread "Cancel handler" [_thread_blocked, id=16220, stack(0x0000000718a00000,0x0000000718b00000)]
  0x000001e306497000 JavaThread "Daemon worker" [_thread_in_vm, id=10272, stack(0x0000000718b00000,0x0000000718c00000)]
  0x000001e30597c800 JavaThread "Asynchronous log dispatcher for DefaultDaemonConnection: socket connection from /127.0.0.1:57527 to /127.0.0.1:57528" [_thread_blocked, id=13736, stack(0x0000000718c00000,0x0000000718d00000)]
  0x000001e306803000 JavaThread "Stdin handler" [_thread_blocked, id=13240, stack(0x0000000718d00000,0x0000000718e00000)]
  0x000001e305faf000 JavaThread "C2 CompilerThread1" daemon [_thread_in_native, id=13400, stack(0x0000000718e00000,0x0000000718f00000)]
  0x000001e305ec4800 JavaThread "Thread-8" [_thread_blocked, id=14792, stack(0x0000000718f00000,0x0000000719000000)]
  0x000001e3064b3000 JavaThread "Cache worker for journal cache (C:\Users\wangx\.gradle\caches\journal-1)" [_thread_blocked, id=10328, stack(0x0000000719000000,0x0000000719100000)]
  0x000001e3064b1800 JavaThread "File lock request listener" [_thread_in_native, id=22012, stack(0x0000000719100000,0x0000000719200000)]
  0x000001e3064b2000 JavaThread "Cache worker for file hash cache (C:\Users\wangx\.gradle\caches\6.1.1\fileHashes)" [_thread_blocked, id=19692, stack(0x0000000719200000,0x0000000719300000)]
  0x000001e3064b4000 JavaThread "Cache worker for checksums cache (D:\pad_project_local\develop\boom-truck\.gradle\checksums)" [_thread_blocked, id=13392, stack(0x0000000719700000,0x0000000719800000)]
  0x000001e3064b0800 JavaThread "Cache worker for file hash cache (D:\pad_project_local\develop\boom-truck\.gradle\6.1.1\fileHashes)" [_thread_blocked, id=20700, stack(0x0000000719800000,0x0000000719900000)]
  0x000001e3064b5800 JavaThread "Cache worker for cache directory md-supplier (C:\Users\wangx\.gradle\caches\6.1.1\md-supplier)" [_thread_blocked, id=4696, stack(0x0000000719900000,0x0000000719a00000)]
  0x000001e3064b0000 JavaThread "Cache worker for cache directory md-rule (C:\Users\wangx\.gradle\caches\6.1.1\md-rule)" [_thread_blocked, id=16740, stack(0x0000000719a00000,0x0000000719b00000)]
  0x000001e3064b6800 JavaThread "Cache worker for execution history cache (C:\Users\wangx\.gradle\caches\6.1.1\executionHistory)" [_thread_blocked, id=11596, stack(0x0000000719b00000,0x0000000719c00000)]
  0x000001e306e7d000 JavaThread "Build operations" [_thread_blocked, id=20768, stack(0x0000000719c00000,0x0000000719d00000)]
  0x000001e306e7e000 JavaThread "Build operations Thread 2" [_thread_blocked, id=14716, stack(0x0000000719d00000,0x0000000719e00000)]
  0x000001e306e7f000 JavaThread "Build operations Thread 3" [_thread_blocked, id=20128, stack(0x0000000719e00000,0x0000000719f00000)]
  0x000001e306e7f800 JavaThread "Build operations Thread 4" [_thread_blocked, id=9480, stack(0x0000000719f00000,0x000000071a000000)]
  0x000001e306e7a000 JavaThread "Build operations Thread 5" [_thread_blocked, id=5664, stack(0x000000071a000000,0x000000071a100000)]
  0x000001e306e84800 JavaThread "Build operations Thread 6" [_thread_blocked, id=19360, stack(0x000000071a100000,0x000000071a200000)]
  0x000001e306e85800 JavaThread "Build operations Thread 7" [_thread_blocked, id=22424, stack(0x000000071a200000,0x000000071a300000)]
  0x000001e306e86000 JavaThread "Build operations Thread 8" [_thread_blocked, id=18768, stack(0x000000071a300000,0x000000071a400000)]
  0x000001e306e82000 JavaThread "Cache worker for Build Output Cleanup Cache (D:\pad_project_local\develop\boom-truck\.gradle\buildOutputCleanup)" [_thread_blocked, id=7496, stack(0x000000071a400000,0x000000071a500000)]
=>0x000001e306b70000 JavaThread "C2 CompilerThread2" daemon [_thread_in_native, id=17260, stack(0x0000000719600000,0x0000000719700000)]
  0x000001e306e87000 JavaThread "Memory manager" [_thread_blocked, id=12948, stack(0x000000071a500000,0x000000071a600000)]
  0x000001e306e81000 JavaThread "Cache worker for file content cache (C:\Users\wangx\.gradle\caches\6.1.1\fileContent)" [_thread_blocked, id=11068, stack(0x000000071a600000,0x000000071a700000)]
  0x000001e306e88000 JavaThread "Cache worker for file content cache (D:\pad_project_local\develop\boom-truck\.gradle\6.1.1\fileContent)" [_thread_blocked, id=10632, stack(0x000000071a700000,0x000000071a800000)]

Other Threads:
  0x000001e304a24800 VMThread "VM Thread" [stack: 0x0000000717500000,0x0000000717600000] [id=4688]
  0x000001e304c4e800 WatcherThread [stack: 0x0000000717f00000,0x0000000718000000] [id=16316]
  0x000001e369e43800 GCTaskThread "GC Thread#0" [stack: 0x0000000717000000,0x0000000717100000] [id=3864]
  0x000001e3055d9800 GCTaskThread "GC Thread#1" [stack: 0x0000000718100000,0x0000000718200000] [id=18048]
  0x000001e3055c6800 GCTaskThread "GC Thread#2" [stack: 0x0000000718200000,0x0000000718300000] [id=17900]
  0x000001e305511800 GCTaskThread "GC Thread#3" [stack: 0x0000000718300000,0x0000000718400000] [id=19180]
  0x000001e3056c3000 GCTaskThread "GC Thread#4" [stack: 0x0000000718400000,0x0000000718500000] [id=22028]
  0x000001e305622800 GCTaskThread "GC Thread#5" [stack: 0x0000000718500000,0x0000000718600000] [id=19512]
  0x000001e306ce9000 GCTaskThread "GC Thread#6" [stack: 0x0000000719300000,0x0000000719400000] [id=10544]
  0x000001e306c47800 GCTaskThread "GC Thread#7" [stack: 0x0000000719400000,0x0000000719500000] [id=22444]
  0x000001e369e74000 ConcurrentGCThread "G1 Main Marker" [stack: 0x0000000717100000,0x0000000717200000] [id=4612]
  0x000001e369e76800 ConcurrentGCThread "G1 Conc#0" [stack: 0x0000000717200000,0x0000000717300000] [id=4704]
  0x000001e306d19000 ConcurrentGCThread "G1 Conc#1" [stack: 0x0000000719500000,0x0000000719600000] [id=1360]
  0x000001e369f0d800 ConcurrentGCThread "G1 Refine#0" [stack: 0x0000000717300000,0x0000000717400000] [id=14740]
  0x000001e304076800 ConcurrentGCThread "G1 Young RemSet Sampling" [stack: 0x0000000717400000,0x0000000717500000] [id=7992]

Threads with active compile tasks:
C2 CompilerThread0  10050 6762       4       org.gradle.internal.reflect.ClassInspector::inspectClass (144 bytes)
C1 CompilerThread0  10050 6796       3       org.gradle.api.internal.tasks.DefaultTaskDependency::visitDependencies (678 bytes)
C2 CompilerThread1  10050 6750       4       org.objectweb.asm.Type::getType (122 bytes)
C2 CompilerThread2  10050 6022 %     4       org.gradle.internal.instantiation.generator.AbstractClassGenerator::inspectType @ 250 (559 bytes)

VM state:not at safepoint (normal execution)

VM Mutex/Monitor currently owned by a thread:  ([mutex/lock_event])
[0x000001e369e265e0] MetaspaceExpand_lock - owner thread: 0x0000000000000000

Heap address: 0x0000000080000000, size: 2048 MB, Compressed Oops mode: 32-bit
Narrow klass base: 0x0000000000000000, Narrow klass shift: 3
Compressed class space size: 1073741824 Address: 0x0000000100000000

Heap:
 garbage-first heap   total 260096K, used 75763K [0x0000000080000000, 0x0000000100000000)
  region size 1024K, 24 young (24576K), 11 survivors (11264K)
 Metaspace       used 68704K, capacity 70405K, committed 70556K, reserved 1114112K
  class space    used 8920K, capacity 9480K, committed 9548K, reserved 1048576K
Heap Regions: E=young(eden), S=young(survivor), O=old, HS=humongous(starts), HC=humongous(continues), CS=collection set, F=free, A=archive, TAMS=top-at-mark-start (previous, next)
|   0|0x0000000080000000, 0x0000000080100000, 0x0000000080100000|100%| O|  |TAMS 0x0000000080100000, 0x0000000080000000| Untracked 
|   1|0x0000000080100000, 0x0000000080200000, 0x0000000080200000|100%| O|  |TAMS 0x0000000080200000, 0x0000000080100000| Untracked 
|   2|0x0000000080200000, 0x0000000080300000, 0x0000000080300000|100%| O|  |TAMS 0x0000000080300000, 0x0000000080200000| Untracked 
|   3|0x0000000080300000, 0x0000000080400000, 0x0000000080400000|100%|HS|  |TAMS 0x0000000080400000, 0x0000000080300000| Complete 
|   4|0x0000000080400000, 0x0000000080500000, 0x0000000080500000|100%|HC|  |TAMS 0x0000000080500000, 0x0000000080400000| Complete 
|   5|0x0000000080500000, 0x0000000080600000, 0x0000000080600000|100%|HC|  |TAMS 0x0000000080600000, 0x0000000080500000| Complete 
|   6|0x0000000080600000, 0x0000000080700000, 0x0000000080700000|100%| O|  |TAMS 0x0000000080700000, 0x0000000080600000| Untracked 
|   7|0x0000000080700000, 0x0000000080800000, 0x0000000080800000|100%| O|  |TAMS 0x0000000080800000, 0x0000000080700000| Untracked 
|   8|0x0000000080800000, 0x0000000080900000, 0x0000000080900000|100%| O|  |TAMS 0x0000000080900000, 0x0000000080800000| Untracked 
|   9|0x0000000080900000, 0x0000000080a00000, 0x0000000080a00000|100%| O|  |TAMS 0x0000000080a00000, 0x0000000080900000| Untracked 
|  10|0x0000000080a00000, 0x0000000080b00000, 0x0000000080b00000|100%| O|  |TAMS 0x0000000080b00000, 0x0000000080a00000| Untracked 
|  11|0x0000000080b00000, 0x0000000080c00000, 0x0000000080c00000|100%| O|  |TAMS 0x0000000080c00000, 0x0000000080b00000| Untracked 
|  12|0x0000000080c00000, 0x0000000080d00000, 0x0000000080d00000|100%| O|  |TAMS 0x0000000080d00000, 0x0000000080c00000| Untracked 
|  13|0x0000000080d00000, 0x0000000080e00000, 0x0000000080e00000|100%| O|  |TAMS 0x0000000080e00000, 0x0000000080d00000| Untracked 
|  14|0x0000000080e00000, 0x0000000080f00000, 0x0000000080f00000|100%| O|  |TAMS 0x0000000080f00000, 0x0000000080e00000| Untracked 
|  15|0x0000000080f00000, 0x0000000081000000, 0x0000000081000000|100%| O|  |TAMS 0x0000000081000000, 0x0000000080f00000| Untracked 
|  16|0x0000000081000000, 0x0000000081100000, 0x0000000081100000|100%|HS|  |TAMS 0x0000000081100000, 0x0000000081000000| Complete 
|  17|0x0000000081100000, 0x0000000081200000, 0x0000000081200000|100%|HC|  |TAMS 0x0000000081200000, 0x0000000081100000| Complete 
|  18|0x0000000081200000, 0x0000000081300000, 0x0000000081300000|100%|HS|  |TAMS 0x0000000081300000, 0x0000000081200000| Complete 
|  19|0x0000000081300000, 0x0000000081400000, 0x0000000081400000|100%|HC|  |TAMS 0x0000000081400000, 0x0000000081300000| Complete 
|  20|0x0000000081400000, 0x0000000081500000, 0x0000000081500000|100%|HC|  |TAMS 0x0000000081500000, 0x0000000081400000| Complete 
|  21|0x0000000081500000, 0x0000000081600000, 0x0000000081600000|100%|HS|  |TAMS 0x0000000081600000, 0x0000000081500000| Complete 
|  22|0x0000000081600000, 0x0000000081700000, 0x0000000081700000|100%|HC|  |TAMS 0x0000000081700000, 0x0000000081600000| Complete 
|  23|0x0000000081700000, 0x0000000081800000, 0x0000000081800000|100%|HC|  |TAMS 0x0000000081800000, 0x0000000081700000| Complete 
|  24|0x0000000081800000, 0x0000000081900000, 0x0000000081900000|100%|HC|  |TAMS 0x0000000081900000, 0x0000000081800000| Complete 
|  25|0x0000000081900000, 0x0000000081a00000, 0x0000000081a00000|100%| O|  |TAMS 0x0000000081a00000, 0x0000000081900000| Untracked 
|  26|0x0000000081a00000, 0x0000000081b00000, 0x0000000081b00000|100%|HS|  |TAMS 0x0000000081b00000, 0x0000000081a00000| Complete 
|  27|0x0000000081b00000, 0x0000000081c00000, 0x0000000081c00000|100%|HC|  |TAMS 0x0000000081c00000, 0x0000000081b00000| Complete 
|  28|0x0000000081c00000, 0x0000000081d00000, 0x0000000081d00000|100%|HC|  |TAMS 0x0000000081d00000, 0x0000000081c00000| Complete 
|  29|0x0000000081d00000, 0x0000000081e00000, 0x0000000081e00000|100%|HS|  |TAMS 0x0000000081e00000, 0x0000000081d00000| Complete 
|  30|0x0000000081e00000, 0x0000000081f00000, 0x0000000081f00000|100%|HC|  |TAMS 0x0000000081f00000, 0x0000000081e00000| Complete 
|  31|0x0000000081f00000, 0x0000000082000000, 0x0000000082000000|100%| O|  |TAMS 0x0000000082000000, 0x0000000081f00000| Untracked 
|  32|0x0000000082000000, 0x0000000082100000, 0x0000000082100000|100%| O|  |TAMS 0x0000000082100000, 0x0000000082000000| Untracked 
|  33|0x0000000082100000, 0x0000000082200000, 0x0000000082200000|100%| O|  |TAMS 0x0000000082200000, 0x0000000082100000| Untracked 
|  34|0x0000000082200000, 0x0000000082300000, 0x0000000082300000|100%| O|  |TAMS 0x0000000082300000, 0x0000000082200000| Untracked 
|  35|0x0000000082300000, 0x0000000082400000, 0x0000000082400000|100%| O|  |TAMS 0x0000000082400000, 0x0000000082300000| Untracked 
|  36|0x0000000082400000, 0x0000000082500000, 0x0000000082500000|100%| O|  |TAMS 0x0000000082500000, 0x0000000082400000| Untracked 
|  37|0x0000000082500000, 0x0000000082500000, 0x0000000082600000|  0%| F|  |TAMS 0x0000000082500000, 0x0000000082500000| Untracked 
|  38|0x0000000082600000, 0x0000000082700000, 0x0000000082700000|100%| O|  |TAMS 0x0000000082700000, 0x0000000082600000| Untracked 
|  39|0x0000000082700000, 0x0000000082800000, 0x0000000082800000|100%| O|  |TAMS 0x0000000082800000, 0x0000000082700000| Untracked 
|  40|0x0000000082800000, 0x0000000082900000, 0x0000000082900000|100%| O|  |TAMS 0x0000000082900000, 0x0000000082800000| Untracked 
|  41|0x0000000082900000, 0x0000000082a00000, 0x0000000082a00000|100%| O|  |TAMS 0x0000000082a00000, 0x0000000082900000| Untracked 
|  42|0x0000000082a00000, 0x0000000082b00000, 0x0000000082b00000|100%| O|  |TAMS 0x0000000082b00000, 0x0000000082a00000| Untracked 
|  43|0x0000000082b00000, 0x0000000082c00000, 0x0000000082c00000|100%| O|  |TAMS 0x0000000082c00000, 0x0000000082b00000| Untracked 
|  44|0x0000000082c00000, 0x0000000082d00000, 0x0000000082d00000|100%| O|  |TAMS 0x0000000082d00000, 0x0000000082c00000| Untracked 
|  45|0x0000000082d00000, 0x0000000082e00000, 0x0000000082e00000|100%| O|  |TAMS 0x0000000082e00000, 0x0000000082d00000| Untracked 
|  46|0x0000000082e00000, 0x0000000082f00000, 0x0000000082f00000|100%| O|  |TAMS 0x0000000082f00000, 0x0000000082e00000| Untracked 
|  47|0x0000000082f00000, 0x0000000083000000, 0x0000000083000000|100%| O|  |TAMS 0x0000000083000000, 0x0000000082f00000| Untracked 
|  48|0x0000000083000000, 0x0000000083100000, 0x0000000083100000|100%| O|  |TAMS 0x0000000083100000, 0x0000000083000000| Untracked 
|  49|0x0000000083100000, 0x0000000083200000, 0x0000000083200000|100%| O|  |TAMS 0x0000000083200000, 0x0000000083100000| Untracked 
|  50|0x0000000083200000, 0x0000000083300000, 0x0000000083300000|100%| O|  |TAMS 0x0000000083300000, 0x0000000083200000| Untracked 
|  51|0x0000000083300000, 0x0000000083400000, 0x0000000083400000|100%| O|  |TAMS 0x0000000083400000, 0x0000000083300000| Untracked 
|  52|0x0000000083400000, 0x00000000834ba600, 0x0000000083500000| 72%| O|  |TAMS 0x00000000834ba600, 0x0000000083400000| Untracked 
|  53|0x0000000083500000, 0x0000000083500000, 0x0000000083600000|  0%| F|  |TAMS 0x0000000083500000, 0x0000000083500000| Untracked 
|  54|0x0000000083600000, 0x0000000083600000, 0x0000000083700000|  0%| F|  |TAMS 0x0000000083600000, 0x0000000083600000| Untracked 
|  55|0x0000000083700000, 0x0000000083700000, 0x0000000083800000|  0%| F|  |TAMS 0x0000000083700000, 0x0000000083700000| Untracked 
|  56|0x0000000083800000, 0x0000000083800000, 0x0000000083900000|  0%| F|  |TAMS 0x0000000083800000, 0x0000000083800000| Untracked 
|  57|0x0000000083900000, 0x0000000083900000, 0x0000000083a00000|  0%| F|  |TAMS 0x0000000083900000, 0x0000000083900000| Untracked 
|  58|0x0000000083a00000, 0x0000000083a00000, 0x0000000083b00000|  0%| F|  |TAMS 0x0000000083a00000, 0x0000000083a00000| Untracked 
|  59|0x0000000083b00000, 0x0000000083b00000, 0x0000000083c00000|  0%| F|  |TAMS 0x0000000083b00000, 0x0000000083b00000| Untracked 
|  60|0x0000000083c00000, 0x0000000083c00000, 0x0000000083d00000|  0%| F|  |TAMS 0x0000000083c00000, 0x0000000083c00000| Untracked 
|  61|0x0000000083d00000, 0x0000000083d00000, 0x0000000083e00000|  0%| F|  |TAMS 0x0000000083d00000, 0x0000000083d00000| Untracked 
|  62|0x0000000083e00000, 0x0000000083e00000, 0x0000000083f00000|  0%| F|  |TAMS 0x0000000083e00000, 0x0000000083e00000| Untracked 
|  63|0x0000000083f00000, 0x0000000083f00000, 0x0000000084000000|  0%| F|  |TAMS 0x0000000083f00000, 0x0000000083f00000| Untracked 
|  64|0x0000000084000000, 0x0000000084000000, 0x0000000084100000|  0%| F|  |TAMS 0x0000000084000000, 0x0000000084000000| Untracked 
|  65|0x0000000084100000, 0x0000000084100000, 0x0000000084200000|  0%| F|  |TAMS 0x0000000084100000, 0x0000000084100000| Untracked 
|  66|0x0000000084200000, 0x0000000084200000, 0x0000000084300000|  0%| F|  |TAMS 0x0000000084200000, 0x0000000084200000| Untracked 
|  67|0x0000000084300000, 0x0000000084300000, 0x0000000084400000|  0%| F|  |TAMS 0x0000000084300000, 0x0000000084300000| Untracked 
|  68|0x0000000084400000, 0x0000000084400000, 0x0000000084500000|  0%| F|  |TAMS 0x0000000084400000, 0x0000000084400000| Untracked 
|  69|0x0000000084500000, 0x0000000084500000, 0x0000000084600000|  0%| F|  |TAMS 0x0000000084500000, 0x0000000084500000| Untracked 
|  70|0x0000000084600000, 0x0000000084600000, 0x0000000084700000|  0%| F|  |TAMS 0x0000000084600000, 0x0000000084600000| Untracked 
|  71|0x0000000084700000, 0x0000000084700000, 0x0000000084800000|  0%| F|  |TAMS 0x0000000084700000, 0x0000000084700000| Untracked 
|  72|0x0000000084800000, 0x0000000084800000, 0x0000000084900000|  0%| F|  |TAMS 0x0000000084800000, 0x0000000084800000| Untracked 
|  73|0x0000000084900000, 0x0000000084900000, 0x0000000084a00000|  0%| F|  |TAMS 0x0000000084900000, 0x0000000084900000| Untracked 
|  74|0x0000000084a00000, 0x0000000084a00000, 0x0000000084b00000|  0%| F|  |TAMS 0x0000000084a00000, 0x0000000084a00000| Untracked 
|  75|0x0000000084b00000, 0x0000000084b00000, 0x0000000084c00000|  0%| F|  |TAMS 0x0000000084b00000, 0x0000000084b00000| Untracked 
|  76|0x0000000084c00000, 0x0000000084c00000, 0x0000000084d00000|  0%| F|  |TAMS 0x0000000084c00000, 0x0000000084c00000| Untracked 
|  77|0x0000000084d00000, 0x0000000084d00000, 0x0000000084e00000|  0%| F|  |TAMS 0x0000000084d00000, 0x0000000084d00000| Untracked 
|  78|0x0000000084e00000, 0x0000000084e00000, 0x0000000084f00000|  0%| F|  |TAMS 0x0000000084e00000, 0x0000000084e00000| Untracked 
|  79|0x0000000084f00000, 0x0000000084f00000, 0x0000000085000000|  0%| F|  |TAMS 0x0000000084f00000, 0x0000000084f00000| Untracked 
|  80|0x0000000085000000, 0x0000000085000000, 0x0000000085100000|  0%| F|  |TAMS 0x0000000085000000, 0x0000000085000000| Untracked 
|  81|0x0000000085100000, 0x0000000085100000, 0x0000000085200000|  0%| F|  |TAMS 0x0000000085100000, 0x0000000085100000| Untracked 
|  82|0x0000000085200000, 0x0000000085200000, 0x0000000085300000|  0%| F|  |TAMS 0x0000000085200000, 0x0000000085200000| Untracked 
|  83|0x0000000085300000, 0x0000000085300000, 0x0000000085400000|  0%| F|  |TAMS 0x0000000085300000, 0x0000000085300000| Untracked 
|  84|0x0000000085400000, 0x0000000085400000, 0x0000000085500000|  0%| F|  |TAMS 0x0000000085400000, 0x0000000085400000| Untracked 
|  85|0x0000000085500000, 0x0000000085500000, 0x0000000085600000|  0%| F|  |TAMS 0x0000000085500000, 0x0000000085500000| Untracked 
|  86|0x0000000085600000, 0x0000000085600000, 0x0000000085700000|  0%| F|  |TAMS 0x0000000085600000, 0x0000000085600000| Untracked 
|  87|0x0000000085700000, 0x0000000085700000, 0x0000000085800000|  0%| F|  |TAMS 0x0000000085700000, 0x0000000085700000| Untracked 
|  88|0x0000000085800000, 0x0000000085800000, 0x0000000085900000|  0%| F|  |TAMS 0x0000000085800000, 0x0000000085800000| Untracked 
|  89|0x0000000085900000, 0x0000000085900000, 0x0000000085a00000|  0%| F|  |TAMS 0x0000000085900000, 0x0000000085900000| Untracked 
|  90|0x0000000085a00000, 0x0000000085a00000, 0x0000000085b00000|  0%| F|  |TAMS 0x0000000085a00000, 0x0000000085a00000| Untracked 
|  91|0x0000000085b00000, 0x0000000085b00000, 0x0000000085c00000|  0%| F|  |TAMS 0x0000000085b00000, 0x0000000085b00000| Untracked 
|  92|0x0000000085c00000, 0x0000000085c00000, 0x0000000085d00000|  0%| F|  |TAMS 0x0000000085c00000, 0x0000000085c00000| Untracked 
|  93|0x0000000085d00000, 0x0000000085d00000, 0x0000000085e00000|  0%| F|  |TAMS 0x0000000085d00000, 0x0000000085d00000| Untracked 
|  94|0x0000000085e00000, 0x0000000085e00000, 0x0000000085f00000|  0%| F|  |TAMS 0x0000000085e00000, 0x0000000085e00000| Untracked 
|  95|0x0000000085f00000, 0x0000000085f00000, 0x0000000086000000|  0%| F|  |TAMS 0x0000000085f00000, 0x0000000085f00000| Untracked 
|  96|0x0000000086000000, 0x0000000086000000, 0x0000000086100000|  0%| F|  |TAMS 0x0000000086000000, 0x0000000086000000| Untracked 
|  97|0x0000000086100000, 0x0000000086100000, 0x0000000086200000|  0%| F|  |TAMS 0x0000000086100000, 0x0000000086100000| Untracked 
|  98|0x0000000086200000, 0x0000000086200000, 0x0000000086300000|  0%| F|  |TAMS 0x0000000086200000, 0x0000000086200000| Untracked 
|  99|0x0000000086300000, 0x0000000086300000, 0x0000000086400000|  0%| F|  |TAMS 0x0000000086300000, 0x0000000086300000| Untracked 
| 100|0x0000000086400000, 0x0000000086400000, 0x0000000086500000|  0%| F|  |TAMS 0x0000000086400000, 0x0000000086400000| Untracked 
| 101|0x0000000086500000, 0x0000000086500000, 0x0000000086600000|  0%| F|  |TAMS 0x0000000086500000, 0x0000000086500000| Untracked 
| 102|0x0000000086600000, 0x0000000086600000, 0x0000000086700000|  0%| F|  |TAMS 0x0000000086600000, 0x0000000086600000| Untracked 
| 103|0x0000000086700000, 0x0000000086700000, 0x0000000086800000|  0%| F|  |TAMS 0x0000000086700000, 0x0000000086700000| Untracked 
| 104|0x0000000086800000, 0x0000000086800000, 0x0000000086900000|  0%| F|  |TAMS 0x0000000086800000, 0x0000000086800000| Untracked 
| 105|0x0000000086900000, 0x0000000086900000, 0x0000000086a00000|  0%| F|  |TAMS 0x0000000086900000, 0x0000000086900000| Untracked 
| 106|0x0000000086a00000, 0x0000000086a00000, 0x0000000086b00000|  0%| F|  |TAMS 0x0000000086a00000, 0x0000000086a00000| Untracked 
| 107|0x0000000086b00000, 0x0000000086b00000, 0x0000000086c00000|  0%| F|  |TAMS 0x0000000086b00000, 0x0000000086b00000| Untracked 
| 108|0x0000000086c00000, 0x0000000086c00000, 0x0000000086d00000|  0%| F|  |TAMS 0x0000000086c00000, 0x0000000086c00000| Untracked 
| 109|0x0000000086d00000, 0x0000000086d00000, 0x0000000086e00000|  0%| F|  |TAMS 0x0000000086d00000, 0x0000000086d00000| Untracked 
| 110|0x0000000086e00000, 0x0000000086e00000, 0x0000000086f00000|  0%| F|  |TAMS 0x0000000086e00000, 0x0000000086e00000| Untracked 
| 111|0x0000000086f00000, 0x0000000086f00000, 0x0000000087000000|  0%| F|  |TAMS 0x0000000086f00000, 0x0000000086f00000| Untracked 
| 112|0x0000000087000000, 0x0000000087000000, 0x0000000087100000|  0%| F|  |TAMS 0x0000000087000000, 0x0000000087000000| Untracked 
| 113|0x0000000087100000, 0x0000000087100000, 0x0000000087200000|  0%| F|  |TAMS 0x0000000087100000, 0x0000000087100000| Untracked 
| 114|0x0000000087200000, 0x0000000087200000, 0x0000000087300000|  0%| F|  |TAMS 0x0000000087200000, 0x0000000087200000| Untracked 
| 115|0x0000000087300000, 0x0000000087300000, 0x0000000087400000|  0%| F|  |TAMS 0x0000000087300000, 0x0000000087300000| Untracked 
| 116|0x0000000087400000, 0x0000000087400000, 0x0000000087500000|  0%| F|  |TAMS 0x0000000087400000, 0x0000000087400000| Untracked 
| 117|0x0000000087500000, 0x0000000087500000, 0x0000000087600000|  0%| F|  |TAMS 0x0000000087500000, 0x0000000087500000| Untracked 
| 118|0x0000000087600000, 0x0000000087600000, 0x0000000087700000|  0%| F|  |TAMS 0x0000000087600000, 0x0000000087600000| Untracked 
| 119|0x0000000087700000, 0x0000000087700000, 0x0000000087800000|  0%| F|  |TAMS 0x0000000087700000, 0x0000000087700000| Untracked 
| 120|0x0000000087800000, 0x0000000087800000, 0x0000000087900000|  0%| F|  |TAMS 0x0000000087800000, 0x0000000087800000| Untracked 
| 121|0x0000000087900000, 0x0000000087900000, 0x0000000087a00000|  0%| F|  |TAMS 0x0000000087900000, 0x0000000087900000| Untracked 
| 122|0x0000000087a00000, 0x0000000087a00000, 0x0000000087b00000|  0%| F|  |TAMS 0x0000000087a00000, 0x0000000087a00000| Untracked 
| 123|0x0000000087b00000, 0x0000000087b00000, 0x0000000087c00000|  0%| F|  |TAMS 0x0000000087b00000, 0x0000000087b00000| Untracked 
| 124|0x0000000087c00000, 0x0000000087c00000, 0x0000000087d00000|  0%| F|  |TAMS 0x0000000087c00000, 0x0000000087c00000| Untracked 
| 125|0x0000000087d00000, 0x0000000087d00000, 0x0000000087e00000|  0%| F|  |TAMS 0x0000000087d00000, 0x0000000087d00000| Untracked 
| 126|0x0000000087e00000, 0x0000000087e00000, 0x0000000087f00000|  0%| F|  |TAMS 0x0000000087e00000, 0x0000000087e00000| Untracked 
| 127|0x0000000087f00000, 0x0000000087f00000, 0x0000000088000000|  0%| F|  |TAMS 0x0000000087f00000, 0x0000000087f00000| Untracked 
| 128|0x0000000088000000, 0x0000000088000000, 0x0000000088100000|  0%| F|  |TAMS 0x0000000088000000, 0x0000000088000000| Untracked 
| 129|0x0000000088100000, 0x0000000088100000, 0x0000000088200000|  0%| F|  |TAMS 0x0000000088100000, 0x0000000088100000| Untracked 
| 130|0x0000000088200000, 0x0000000088200000, 0x0000000088300000|  0%| F|  |TAMS 0x0000000088200000, 0x0000000088200000| Untracked 
| 131|0x0000000088300000, 0x0000000088300000, 0x0000000088400000|  0%| F|  |TAMS 0x0000000088300000, 0x0000000088300000| Untracked 
| 132|0x0000000088400000, 0x0000000088400000, 0x0000000088500000|  0%| F|  |TAMS 0x0000000088400000, 0x0000000088400000| Untracked 
| 133|0x0000000088500000, 0x0000000088500000, 0x0000000088600000|  0%| F|  |TAMS 0x0000000088500000, 0x0000000088500000| Untracked 
| 134|0x0000000088600000, 0x0000000088600000, 0x0000000088700000|  0%| F|  |TAMS 0x0000000088600000, 0x0000000088600000| Untracked 
| 135|0x0000000088700000, 0x0000000088700000, 0x0000000088800000|  0%| F|  |TAMS 0x0000000088700000, 0x0000000088700000| Untracked 
| 136|0x0000000088800000, 0x0000000088800000, 0x0000000088900000|  0%| F|  |TAMS 0x0000000088800000, 0x0000000088800000| Untracked 
| 137|0x0000000088900000, 0x0000000088900000, 0x0000000088a00000|  0%| F|  |TAMS 0x0000000088900000, 0x0000000088900000| Untracked 
| 138|0x0000000088a00000, 0x0000000088a00000, 0x0000000088b00000|  0%| F|  |TAMS 0x0000000088a00000, 0x0000000088a00000| Untracked 
| 139|0x0000000088b00000, 0x0000000088b00000, 0x0000000088c00000|  0%| F|  |TAMS 0x0000000088b00000, 0x0000000088b00000| Untracked 
| 140|0x0000000088c00000, 0x0000000088c00000, 0x0000000088d00000|  0%| F|  |TAMS 0x0000000088c00000, 0x0000000088c00000| Untracked 
| 141|0x0000000088d00000, 0x0000000088d00000, 0x0000000088e00000|  0%| F|  |TAMS 0x0000000088d00000, 0x0000000088d00000| Untracked 
| 142|0x0000000088e00000, 0x0000000088e00000, 0x0000000088f00000|  0%| F|  |TAMS 0x0000000088e00000, 0x0000000088e00000| Untracked 
| 143|0x0000000088f00000, 0x0000000088f00000, 0x0000000089000000|  0%| F|  |TAMS 0x0000000088f00000, 0x0000000088f00000| Untracked 
| 144|0x0000000089000000, 0x0000000089000000, 0x0000000089100000|  0%| F|  |TAMS 0x0000000089000000, 0x0000000089000000| Untracked 
| 145|0x0000000089100000, 0x0000000089100000, 0x0000000089200000|  0%| F|  |TAMS 0x0000000089100000, 0x0000000089100000| Untracked 
| 146|0x0000000089200000, 0x00000000892426b0, 0x0000000089300000| 25%| S|CS|TAMS 0x0000000089200000, 0x0000000089200000| Complete 
| 147|0x0000000089300000, 0x0000000089400000, 0x0000000089400000|100%| S|CS|TAMS 0x0000000089300000, 0x0000000089300000| Complete 
| 148|0x0000000089400000, 0x0000000089500000, 0x0000000089500000|100%| S|CS|TAMS 0x0000000089400000, 0x0000000089400000| Complete 
| 149|0x0000000089500000, 0x0000000089600000, 0x0000000089600000|100%| S|CS|TAMS 0x0000000089500000, 0x0000000089500000| Complete 
| 150|0x0000000089600000, 0x0000000089700000, 0x0000000089700000|100%| S|CS|TAMS 0x0000000089600000, 0x0000000089600000| Complete 
| 151|0x0000000089700000, 0x0000000089800000, 0x0000000089800000|100%| S|CS|TAMS 0x0000000089700000, 0x0000000089700000| Complete 
| 152|0x0000000089800000, 0x0000000089900000, 0x0000000089900000|100%| S|CS|TAMS 0x0000000089800000, 0x0000000089800000| Complete 
| 153|0x0000000089900000, 0x0000000089a00000, 0x0000000089a00000|100%| S|CS|TAMS 0x0000000089900000, 0x0000000089900000| Complete 
| 154|0x0000000089a00000, 0x0000000089b00000, 0x0000000089b00000|100%| S|CS|TAMS 0x0000000089a00000, 0x0000000089a00000| Complete 
| 155|0x0000000089b00000, 0x0000000089c00000, 0x0000000089c00000|100%| S|CS|TAMS 0x0000000089b00000, 0x0000000089b00000| Complete 
| 156|0x0000000089c00000, 0x0000000089d00000, 0x0000000089d00000|100%| S|CS|TAMS 0x0000000089c00000, 0x0000000089c00000| Complete 
| 157|0x0000000089d00000, 0x0000000089d00000, 0x0000000089e00000|  0%| F|  |TAMS 0x0000000089d00000, 0x0000000089d00000| Untracked 
| 158|0x0000000089e00000, 0x0000000089e00000, 0x0000000089f00000|  0%| F|  |TAMS 0x0000000089e00000, 0x0000000089e00000| Untracked 
| 159|0x0000000089f00000, 0x0000000089f00000, 0x000000008a000000|  0%| F|  |TAMS 0x0000000089f00000, 0x0000000089f00000| Untracked 
| 160|0x000000008a000000, 0x000000008a000000, 0x000000008a100000|  0%| F|  |TAMS 0x000000008a000000, 0x000000008a000000| Untracked 
| 161|0x000000008a100000, 0x000000008a100000, 0x000000008a200000|  0%| F|  |TAMS 0x000000008a100000, 0x000000008a100000| Untracked 
| 162|0x000000008a200000, 0x000000008a200000, 0x000000008a300000|  0%| F|  |TAMS 0x000000008a200000, 0x000000008a200000| Untracked 
| 163|0x000000008a300000, 0x000000008a300000, 0x000000008a400000|  0%| F|  |TAMS 0x000000008a300000, 0x000000008a300000| Untracked 
| 164|0x000000008a400000, 0x000000008a400000, 0x000000008a500000|  0%| F|  |TAMS 0x000000008a400000, 0x000000008a400000| Untracked 
| 165|0x000000008a500000, 0x000000008a500000, 0x000000008a600000|  0%| F|  |TAMS 0x000000008a500000, 0x000000008a500000| Untracked 
| 166|0x000000008a600000, 0x000000008a600000, 0x000000008a700000|  0%| F|  |TAMS 0x000000008a600000, 0x000000008a600000| Untracked 
| 167|0x000000008a700000, 0x000000008a700000, 0x000000008a800000|  0%| F|  |TAMS 0x000000008a700000, 0x000000008a700000| Untracked 
| 168|0x000000008a800000, 0x000000008a800000, 0x000000008a900000|  0%| F|  |TAMS 0x000000008a800000, 0x000000008a800000| Untracked 
| 169|0x000000008a900000, 0x000000008a900000, 0x000000008aa00000|  0%| F|  |TAMS 0x000000008a900000, 0x000000008a900000| Untracked 
| 170|0x000000008aa00000, 0x000000008aa00000, 0x000000008ab00000|  0%| F|  |TAMS 0x000000008aa00000, 0x000000008aa00000| Untracked 
| 171|0x000000008ab00000, 0x000000008ab00000, 0x000000008ac00000|  0%| F|  |TAMS 0x000000008ab00000, 0x000000008ab00000| Untracked 
| 172|0x000000008ac00000, 0x000000008ac00000, 0x000000008ad00000|  0%| F|  |TAMS 0x000000008ac00000, 0x000000008ac00000| Untracked 
| 173|0x000000008ad00000, 0x000000008ad00000, 0x000000008ae00000|  0%| F|  |TAMS 0x000000008ad00000, 0x000000008ad00000| Untracked 
| 174|0x000000008ae00000, 0x000000008ae00000, 0x000000008af00000|  0%| F|  |TAMS 0x000000008ae00000, 0x000000008ae00000| Untracked 
| 175|0x000000008af00000, 0x000000008af00000, 0x000000008b000000|  0%| F|  |TAMS 0x000000008af00000, 0x000000008af00000| Untracked 
| 176|0x000000008b000000, 0x000000008b000000, 0x000000008b100000|  0%| F|  |TAMS 0x000000008b000000, 0x000000008b000000| Untracked 
| 177|0x000000008b100000, 0x000000008b100000, 0x000000008b200000|  0%| F|  |TAMS 0x000000008b100000, 0x000000008b100000| Untracked 
| 178|0x000000008b200000, 0x000000008b200000, 0x000000008b300000|  0%| F|  |TAMS 0x000000008b200000, 0x000000008b200000| Untracked 
| 179|0x000000008b300000, 0x000000008b300000, 0x000000008b400000|  0%| F|  |TAMS 0x000000008b300000, 0x000000008b300000| Untracked 
| 180|0x000000008b400000, 0x000000008b400000, 0x000000008b500000|  0%| F|  |TAMS 0x000000008b400000, 0x000000008b400000| Untracked 
| 181|0x000000008b500000, 0x000000008b500000, 0x000000008b600000|  0%| F|  |TAMS 0x000000008b500000, 0x000000008b500000| Untracked 
| 182|0x000000008b600000, 0x000000008b600000, 0x000000008b700000|  0%| F|  |TAMS 0x000000008b600000, 0x000000008b600000| Untracked 
| 183|0x000000008b700000, 0x000000008b700000, 0x000000008b800000|  0%| F|  |TAMS 0x000000008b700000, 0x000000008b700000| Untracked 
| 184|0x000000008b800000, 0x000000008b800000, 0x000000008b900000|  0%| F|  |TAMS 0x000000008b800000, 0x000000008b800000| Untracked 
| 185|0x000000008b900000, 0x000000008b900000, 0x000000008ba00000|  0%| F|  |TAMS 0x000000008b900000, 0x000000008b900000| Untracked 
| 186|0x000000008ba00000, 0x000000008ba00000, 0x000000008bb00000|  0%| F|  |TAMS 0x000000008ba00000, 0x000000008ba00000| Untracked 
| 187|0x000000008bb00000, 0x000000008bb00000, 0x000000008bc00000|  0%| F|  |TAMS 0x000000008bb00000, 0x000000008bb00000| Untracked 
| 188|0x000000008bc00000, 0x000000008bc00000, 0x000000008bd00000|  0%| F|  |TAMS 0x000000008bc00000, 0x000000008bc00000| Untracked 
| 189|0x000000008bd00000, 0x000000008bd00000, 0x000000008be00000|  0%| F|  |TAMS 0x000000008bd00000, 0x000000008bd00000| Untracked 
| 190|0x000000008be00000, 0x000000008be00000, 0x000000008bf00000|  0%| F|  |TAMS 0x000000008be00000, 0x000000008be00000| Untracked 
| 191|0x000000008bf00000, 0x000000008bf00000, 0x000000008c000000|  0%| F|  |TAMS 0x000000008bf00000, 0x000000008bf00000| Untracked 
| 192|0x000000008c000000, 0x000000008c000000, 0x000000008c100000|  0%| F|  |TAMS 0x000000008c000000, 0x000000008c000000| Untracked 
| 193|0x000000008c100000, 0x000000008c100000, 0x000000008c200000|  0%| F|  |TAMS 0x000000008c100000, 0x000000008c100000| Untracked 
| 194|0x000000008c200000, 0x000000008c200000, 0x000000008c300000|  0%| F|  |TAMS 0x000000008c200000, 0x000000008c200000| Untracked 
| 195|0x000000008c300000, 0x000000008c300000, 0x000000008c400000|  0%| F|  |TAMS 0x000000008c300000, 0x000000008c300000| Untracked 
| 196|0x000000008c400000, 0x000000008c400000, 0x000000008c500000|  0%| F|  |TAMS 0x000000008c400000, 0x000000008c400000| Untracked 
| 197|0x000000008c500000, 0x000000008c500000, 0x000000008c600000|  0%| F|  |TAMS 0x000000008c500000, 0x000000008c500000| Untracked 
| 198|0x000000008c600000, 0x000000008c600000, 0x000000008c700000|  0%| F|  |TAMS 0x000000008c600000, 0x000000008c600000| Untracked 
| 199|0x000000008c700000, 0x000000008c700000, 0x000000008c800000|  0%| F|  |TAMS 0x000000008c700000, 0x000000008c700000| Untracked 
| 200|0x000000008c800000, 0x000000008c800000, 0x000000008c900000|  0%| F|  |TAMS 0x000000008c800000, 0x000000008c800000| Untracked 
| 201|0x000000008c900000, 0x000000008c900000, 0x000000008ca00000|  0%| F|  |TAMS 0x000000008c900000, 0x000000008c900000| Untracked 
| 202|0x000000008ca00000, 0x000000008ca00000, 0x000000008cb00000|  0%| F|  |TAMS 0x000000008ca00000, 0x000000008ca00000| Untracked 
| 203|0x000000008cb00000, 0x000000008cb00000, 0x000000008cc00000|  0%| F|  |TAMS 0x000000008cb00000, 0x000000008cb00000| Untracked 
| 204|0x000000008cc00000, 0x000000008cc00000, 0x000000008cd00000|  0%| F|  |TAMS 0x000000008cc00000, 0x000000008cc00000| Untracked 
| 205|0x000000008cd00000, 0x000000008cd00000, 0x000000008ce00000|  0%| F|  |TAMS 0x000000008cd00000, 0x000000008cd00000| Untracked 
| 206|0x000000008ce00000, 0x000000008ce00000, 0x000000008cf00000|  0%| F|  |TAMS 0x000000008ce00000, 0x000000008ce00000| Untracked 
| 207|0x000000008cf00000, 0x000000008cf00000, 0x000000008d000000|  0%| F|  |TAMS 0x000000008cf00000, 0x000000008cf00000| Untracked 
| 208|0x000000008d000000, 0x000000008d000000, 0x000000008d100000|  0%| F|  |TAMS 0x000000008d000000, 0x000000008d000000| Untracked 
| 209|0x000000008d100000, 0x000000008d100000, 0x000000008d200000|  0%| F|  |TAMS 0x000000008d100000, 0x000000008d100000| Untracked 
| 210|0x000000008d200000, 0x000000008d200000, 0x000000008d300000|  0%| F|  |TAMS 0x000000008d200000, 0x000000008d200000| Untracked 
| 211|0x000000008d300000, 0x000000008d300000, 0x000000008d400000|  0%| F|  |TAMS 0x000000008d300000, 0x000000008d300000| Untracked 
| 212|0x000000008d400000, 0x000000008d400000, 0x000000008d500000|  0%| F|  |TAMS 0x000000008d400000, 0x000000008d400000| Untracked 
| 213|0x000000008d500000, 0x000000008d500000, 0x000000008d600000|  0%| F|  |TAMS 0x000000008d500000, 0x000000008d500000| Untracked 
| 214|0x000000008d600000, 0x000000008d600000, 0x000000008d700000|  0%| F|  |TAMS 0x000000008d600000, 0x000000008d600000| Untracked 
| 215|0x000000008d700000, 0x000000008d700000, 0x000000008d800000|  0%| F|  |TAMS 0x000000008d700000, 0x000000008d700000| Untracked 
| 216|0x000000008d800000, 0x000000008d800000, 0x000000008d900000|  0%| F|  |TAMS 0x000000008d800000, 0x000000008d800000| Untracked 
| 217|0x000000008d900000, 0x000000008d900000, 0x000000008da00000|  0%| F|  |TAMS 0x000000008d900000, 0x000000008d900000| Untracked 
| 218|0x000000008da00000, 0x000000008da00000, 0x000000008db00000|  0%| F|  |TAMS 0x000000008da00000, 0x000000008da00000| Untracked 
| 219|0x000000008db00000, 0x000000008db00000, 0x000000008dc00000|  0%| F|  |TAMS 0x000000008db00000, 0x000000008db00000| Untracked 
| 220|0x000000008dc00000, 0x000000008dc00000, 0x000000008dd00000|  0%| F|  |TAMS 0x000000008dc00000, 0x000000008dc00000| Untracked 
| 221|0x000000008dd00000, 0x000000008dd00000, 0x000000008de00000|  0%| F|  |TAMS 0x000000008dd00000, 0x000000008dd00000| Untracked 
| 222|0x000000008de00000, 0x000000008de00000, 0x000000008df00000|  0%| F|  |TAMS 0x000000008de00000, 0x000000008de00000| Untracked 
| 223|0x000000008df00000, 0x000000008df00000, 0x000000008e000000|  0%| F|  |TAMS 0x000000008df00000, 0x000000008df00000| Untracked 
| 224|0x000000008e000000, 0x000000008e000000, 0x000000008e100000|  0%| F|  |TAMS 0x000000008e000000, 0x000000008e000000| Untracked 
| 225|0x000000008e100000, 0x000000008e100000, 0x000000008e200000|  0%| F|  |TAMS 0x000000008e100000, 0x000000008e100000| Untracked 
| 226|0x000000008e200000, 0x000000008e200000, 0x000000008e300000|  0%| F|  |TAMS 0x000000008e200000, 0x000000008e200000| Untracked 
| 227|0x000000008e300000, 0x000000008e300000, 0x000000008e400000|  0%| F|  |TAMS 0x000000008e300000, 0x000000008e300000| Untracked 
| 228|0x000000008e400000, 0x000000008e400000, 0x000000008e500000|  0%| F|  |TAMS 0x000000008e400000, 0x000000008e400000| Untracked 
| 229|0x000000008e500000, 0x000000008e500000, 0x000000008e600000|  0%| F|  |TAMS 0x000000008e500000, 0x000000008e500000| Untracked 
| 230|0x000000008e600000, 0x000000008e600000, 0x000000008e700000|  0%| F|  |TAMS 0x000000008e600000, 0x000000008e600000| Untracked 
| 231|0x000000008e700000, 0x000000008e700000, 0x000000008e800000|  0%| F|  |TAMS 0x000000008e700000, 0x000000008e700000| Untracked 
| 232|0x000000008e800000, 0x000000008e800000, 0x000000008e900000|  0%| F|  |TAMS 0x000000008e800000, 0x000000008e800000| Untracked 
| 233|0x000000008e900000, 0x000000008e900000, 0x000000008ea00000|  0%| F|  |TAMS 0x000000008e900000, 0x000000008e900000| Untracked 
| 234|0x000000008ea00000, 0x000000008ea00000, 0x000000008eb00000|  0%| F|  |TAMS 0x000000008ea00000, 0x000000008ea00000| Untracked 
| 235|0x000000008eb00000, 0x000000008eb00000, 0x000000008ec00000|  0%| F|  |TAMS 0x000000008eb00000, 0x000000008eb00000| Untracked 
| 236|0x000000008ec00000, 0x000000008ec00000, 0x000000008ed00000|  0%| F|  |TAMS 0x000000008ec00000, 0x000000008ec00000| Untracked 
| 237|0x000000008ed00000, 0x000000008ed00000, 0x000000008ee00000|  0%| F|  |TAMS 0x000000008ed00000, 0x000000008ed00000| Untracked 
| 238|0x000000008ee00000, 0x000000008ee00000, 0x000000008ef00000|  0%| F|  |TAMS 0x000000008ee00000, 0x000000008ee00000| Untracked 
| 239|0x000000008ef00000, 0x000000008ef00000, 0x000000008f000000|  0%| F|  |TAMS 0x000000008ef00000, 0x000000008ef00000| Untracked 
| 240|0x000000008f000000, 0x000000008f000000, 0x000000008f100000|  0%| F|  |TAMS 0x000000008f000000, 0x000000008f000000| Untracked 
| 241|0x000000008f100000, 0x000000008f200000, 0x000000008f200000|100%| E|  |TAMS 0x000000008f100000, 0x000000008f100000| Complete 
| 242|0x000000008f200000, 0x000000008f300000, 0x000000008f300000|100%| E|CS|TAMS 0x000000008f200000, 0x000000008f200000| Complete 
| 243|0x000000008f300000, 0x000000008f400000, 0x000000008f400000|100%| E|CS|TAMS 0x000000008f300000, 0x000000008f300000| Complete 
| 244|0x000000008f400000, 0x000000008f500000, 0x000000008f500000|100%| E|CS|TAMS 0x000000008f400000, 0x000000008f400000| Complete 
| 245|0x000000008f500000, 0x000000008f600000, 0x000000008f600000|100%| E|CS|TAMS 0x000000008f500000, 0x000000008f500000| Complete 
| 246|0x000000008f600000, 0x000000008f700000, 0x000000008f700000|100%| E|CS|TAMS 0x000000008f600000, 0x000000008f600000| Complete 
| 247|0x000000008f700000, 0x000000008f800000, 0x000000008f800000|100%| E|CS|TAMS 0x000000008f700000, 0x000000008f700000| Complete 
| 248|0x000000008f800000, 0x000000008f900000, 0x000000008f900000|100%| E|CS|TAMS 0x000000008f800000, 0x000000008f800000| Complete 
| 249|0x000000008f900000, 0x000000008fa00000, 0x000000008fa00000|100%| E|CS|TAMS 0x000000008f900000, 0x000000008f900000| Complete 
| 250|0x000000008fa00000, 0x000000008fb00000, 0x000000008fb00000|100%| E|CS|TAMS 0x000000008fa00000, 0x000000008fa00000| Complete 
| 251|0x000000008fb00000, 0x000000008fc00000, 0x000000008fc00000|100%| E|CS|TAMS 0x000000008fb00000, 0x000000008fb00000| Complete 
| 252|0x000000008fc00000, 0x000000008fd00000, 0x000000008fd00000|100%| E|CS|TAMS 0x000000008fc00000, 0x000000008fc00000| Complete 
| 253|0x000000008fd00000, 0x000000008fe00000, 0x000000008fe00000|100%| E|CS|TAMS 0x000000008fd00000, 0x000000008fd00000| Complete 

Card table byte_map: [0x000001e37cee0000,0x000001e37d2e0000] _byte_map_base: 0x000001e37cae0000

Marking Bits (Prev, Next): (CMBitMap*) 0x000001e369e6b668, (CMBitMap*) 0x000001e369e6b6a0
 Prev Bits: [0x000001e37d6e0000, 0x000001e37f6e0000)
 Next Bits: [0x000001e300000000, 0x000001e302000000)

Polling page: 0x000001e367da0000

Metaspace:

Usage:
  Non-class:     59.50 MB capacity,    58.44 MB ( 98%) used,   924.34 KB (  2%) free+waste,   153.25 KB ( <1%) overhead. 
      Class:      9.26 MB capacity,     8.72 MB ( 94%) used,   482.47 KB (  5%) free+waste,    71.50 KB ( <1%) overhead. 
       Both:     68.75 MB capacity,    67.16 MB ( 98%) used,     1.37 MB (  2%) free+waste,   224.75 KB ( <1%) overhead. 

Virtual space:
  Non-class space:       64.00 MB reserved,      59.58 MB ( 93%) committed 
      Class space:        1.00 GB reserved,       9.32 MB ( <1%) committed 
             Both:        1.06 GB reserved,      68.90 MB (  6%) committed 

Chunk freelists:
   Non-Class:  19.00 KB
       Class:  24.00 KB
        Both:  43.00 KB

MaxMetaspaceSize: 17179869184.00 GB
CompressedClassSpaceSize: 1.00 GB

CodeHeap 'non-profiled nmethods': size=120000Kb used=4083Kb max_used=4083Kb free=115916Kb
 bounds [0x000001e375280000, 0x000001e375680000, 0x000001e37c7b0000]
CodeHeap 'profiled nmethods': size=120000Kb used=14144Kb max_used=14144Kb free=105855Kb
 bounds [0x000001e36dd50000, 0x000001e36eb30000, 0x000001e375280000]
CodeHeap 'non-nmethods': size=5760Kb used=2245Kb max_used=2298Kb free=3514Kb
 bounds [0x000001e36d7b0000, 0x000001e36da20000, 0x000001e36dd50000]
 total_blobs=7515 nmethods=6683 adapters=743
 compilation: enabled
              stopped_count=0, restarted_count=0
 full_count=0

Compilation events (20 events):
Event: 9.975 Thread 0x000001e304ab6800 nmethod 6751 0x000001e36eaeb390 code [0x000001e36eaeb5c0, 0x000001e36eaebe38]
Event: 9.975 Thread 0x000001e304ab6800 6754   !   3       java.util.Map::forEach (81 bytes)
Event: 9.975 Thread 0x000001e304ab6800 nmethod 6754 0x000001e36eaec110 code [0x000001e36eaec380, 0x000001e36eaecdc8]
Event: 9.975 Thread 0x000001e304ab6800 6752       3       org.gradle.internal.reflect.annotations.impl.DefaultTypeAnnotationMetadataStore$PropertyAnnotationMetadataBuilder$$Lambda$343/0x000000010076f040::get$Lambda (9 bytes)
Event: 9.975 Thread 0x000001e304ab6800 nmethod 6752 0x000001e36eaed190 code [0x000001e36eaed360, 0x000001e36eaed5b8]
Event: 9.975 Thread 0x000001e304ab6800 6753       3       org.gradle.internal.reflect.annotations.impl.DefaultTypeAnnotationMetadataStore$PropertyAnnotationMetadataBuilder$$Lambda$343/0x000000010076f040::<init> (10 bytes)
Event: 9.975 Thread 0x000001e304ab6800 nmethod 6753 0x000001e36eaed690 code [0x000001e36eaed840, 0x000001e36eaed9f8]
Event: 9.981 Thread 0x000001e304ab6800 6755       1       com.android.builder.internal.BaseConfigImpl::getMultiDexEnabled (5 bytes)
Event: 9.982 Thread 0x000001e304ab6800 nmethod 6755 0x000001e375671510 code [0x000001e3756716c0, 0x000001e375671778]
Event: 9.990 Thread 0x000001e304ab6800 6756       3       org.gradle.api.internal.tasks.DefaultTaskDependency::getMutableValues (24 bytes)
Event: 9.990 Thread 0x000001e304ab6800 nmethod 6756 0x000001e36eaeda90 code [0x000001e36eaedca0, 0x000001e36eaee418]
Event: 9.991 Thread 0x000001e304ab6800 6758       3       com.android.build.gradle.internal.scope.VariantScopeImpl$$Lambda$390/0x00000001007e7c40::isSatisfiedBy (8 bytes)
Event: 9.991 Thread 0x000001e304ab6800 nmethod 6758 0x000001e36eaee690 code [0x000001e36eaee860, 0x000001e36eaeec18]
Event: 9.991 Thread 0x000001e304ab6800 6759       3       com.android.build.gradle.internal.scope.VariantScopeImpl::lambda$getComponentFilter$3 (13 bytes)
Event: 9.991 Thread 0x000001e304ab6800 nmethod 6759 0x000001e36eaeed10 code [0x000001e36eaeeec0, 0x000001e36eaef0f8]
Event: 9.993 Thread 0x000001e304ab6800 6760       3       org.gradle.execution.plan.Node::isRequired (16 bytes)
Event: 9.993 Thread 0x000001e304ab6800 nmethod 6760 0x000001e36eaef190 code [0x000001e36eaef340, 0x000001e36eaef4b8]
Event: 9.993 Thread 0x000001e304ab6800 6761       3       org.gradle.execution.plan.Node::dependenciesProcessed (6 bytes)
Event: 9.994 Thread 0x000001e304ab6800 nmethod 6761 0x000001e36eaef590 code [0x000001e36eaef740, 0x000001e36eaef838]
Event: 9.999 Thread 0x000001e304aa7000 nmethod 6729 0x000001e375671810 code [0x000001e375671ca0, 0x000001e3756741f0]

GC Heap History (16 events):
Event: 0.651 GC heap before
{Heap before GC invocations=0 (full 0):
 garbage-first heap   total 260096K, used 29696K [0x0000000080000000, 0x0000000100000000)
  region size 1024K, 24 young (24576K), 0 survivors (0K)
 Metaspace       used 10664K, capacity 10937K, committed 11264K, reserved 1058816K
  class space    used 1128K, capacity 1199K, committed 1280K, reserved 1048576K
}
Event: 0.654 GC heap after
{Heap after GC invocations=1 (full 0):
 garbage-first heap   total 260096K, used 8685K [0x0000000080000000, 0x0000000100000000)
  region size 1024K, 3 young (3072K), 3 survivors (3072K)
 Metaspace       used 10664K, capacity 10937K, committed 11264K, reserved 1058816K
  class space    used 1128K, capacity 1199K, committed 1280K, reserved 1048576K
}
Event: 2.658 GC heap before
{Heap before GC invocations=1 (full 0):
 garbage-first heap   total 260096K, used 91629K [0x0000000080000000, 0x0000000100000000)
  region size 1024K, 86 young (88064K), 3 survivors (3072K)
 Metaspace       used 20748K, capacity 21209K, committed 21296K, reserved 1069056K
  class space    used 2493K, capacity 2670K, committed 2688K, reserved 1048576K
}
Event: 2.669 GC heap after
{Heap after GC invocations=2 (full 0):
 garbage-first heap   total 260096K, used 15749K [0x0000000080000000, 0x0000000100000000)
  region size 1024K, 10 young (10240K), 10 survivors (10240K)
 Metaspace       used 20748K, capacity 21209K, committed 21296K, reserved 1069056K
  class space    used 2493K, capacity 2670K, committed 2688K, reserved 1048576K
}
Event: 2.967 GC heap before
{Heap before GC invocations=3 (full 0):
 garbage-first heap   total 260096K, used 38277K [0x0000000080000000, 0x0000000100000000)
  region size 1024K, 32 young (32768K), 10 survivors (10240K)
 Metaspace       used 23887K, capacity 24515K, committed 24624K, reserved 1071104K
  class space    used 2975K, capacity 3160K, committed 3200K, reserved 1048576K
}
Event: 2.972 GC heap after
{Heap after GC invocations=4 (full 0):
 garbage-first heap   total 260096K, used 17354K [0x0000000080000000, 0x0000000100000000)
  region size 1024K, 2 young (2048K), 2 survivors (2048K)
 Metaspace       used 23887K, capacity 24515K, committed 24624K, reserved 1071104K
  class space    used 2975K, capacity 3160K, committed 3200K, reserved 1048576K
}
Event: 3.964 GC heap before
{Heap before GC invocations=4 (full 0):
 garbage-first heap   total 260096K, used 98250K [0x0000000080000000, 0x0000000100000000)
  region size 1024K, 71 young (72704K), 2 survivors (2048K)
 Metaspace       used 35030K, capacity 35733K, committed 35888K, reserved 1081344K
  class space    used 4388K, capacity 4628K, committed 4736K, reserved 1048576K
}
Event: 3.972 GC heap after
{Heap after GC invocations=5 (full 0):
 garbage-first heap   total 260096K, used 34192K [0x0000000080000000, 0x0000000100000000)
  region size 1024K, 7 young (7168K), 7 survivors (7168K)
 Metaspace       used 35030K, capacity 35733K, committed 35888K, reserved 1081344K
  class space    used 4388K, capacity 4628K, committed 4736K, reserved 1048576K
}
Event: 5.281 GC heap before
{Heap before GC invocations=6 (full 0):
 garbage-first heap   total 260096K, used 121232K [0x0000000080000000, 0x0000000100000000)
  region size 1024K, 93 young (95232K), 7 survivors (7168K)
 Metaspace       used 42024K, capacity 43041K, committed 43312K, reserved 1087488K
  class space    used 5389K, capacity 5714K, committed 5760K, reserved 1048576K
}
Event: 5.288 GC heap after
{Heap after GC invocations=7 (full 0):
 garbage-first heap   total 260096K, used 35786K [0x0000000080000000, 0x0000000100000000)
  region size 1024K, 10 young (10240K), 10 survivors (10240K)
 Metaspace       used 42024K, capacity 43041K, committed 43312K, reserved 1087488K
  class space    used 5389K, capacity 5714K, committed 5760K, reserved 1048576K
}
Event: 6.620 GC heap before
{Heap before GC invocations=7 (full 0):
 garbage-first heap   total 260096K, used 145354K [0x0000000080000000, 0x0000000100000000)
  region size 1024K, 113 young (115712K), 10 survivors (10240K)
 Metaspace       used 54030K, capacity 55405K, committed 55728K, reserved 1097728K
  class space    used 6855K, capacity 7348K, committed 7424K, reserved 1048576K
}
Event: 6.638 GC heap after
{Heap after GC invocations=8 (full 0):
 garbage-first heap   total 260096K, used 52813K [0x0000000080000000, 0x0000000100000000)
  region size 1024K, 15 young (15360K), 15 survivors (15360K)
 Metaspace       used 54030K, capacity 55405K, committed 55728K, reserved 1097728K
  class space    used 6855K, capacity 7348K, committed 7424K, reserved 1048576K
}
Event: 7.485 GC heap before
{Heap before GC invocations=8 (full 0):
 garbage-first heap   total 260096K, used 97869K [0x0000000080000000, 0x0000000100000000)
  region size 1024K, 59 young (60416K), 15 survivors (15360K)
 Metaspace       used 58688K, capacity 60182K, committed 60240K, reserved 1101824K
  class space    used 7406K, capacity 7918K, committed 7936K, reserved 1048576K
}
Event: 7.521 GC heap after
{Heap after GC invocations=9 (full 0):
 garbage-first heap   total 260096K, used 57326K [0x0000000080000000, 0x0000000100000000)
  region size 1024K, 5 young (5120K), 5 survivors (5120K)
 Metaspace       used 58688K, capacity 60182K, committed 60240K, reserved 1101824K
  class space    used 7406K, capacity 7918K, committed 7936K, reserved 1048576K
}
Event: 9.720 GC heap before
{Heap before GC invocations=10 (full 0):
 garbage-first heap   total 260096K, used 151534K [0x0000000080000000, 0x0000000100000000)
  region size 1024K, 97 young (99328K), 5 survivors (5120K)
 Metaspace       used 68185K, capacity 69849K, committed 69916K, reserved 1110016K
  class space    used 8828K, capacity 9381K, committed 9420K, reserved 1048576K
}
Event: 9.750 GC heap after
{Heap after GC invocations=11 (full 0):
 garbage-first heap   total 260096K, used 63475K [0x0000000080000000, 0x0000000100000000)
  region size 1024K, 11 young (11264K), 11 survivors (11264K)
 Metaspace       used 68185K, capacity 69849K, committed 69916K, reserved 1110016K
  class space    used 8828K, capacity 9381K, committed 9420K, reserved 1048576K
}

Deoptimization events (20 events):
Event: 8.769 Thread 0x000001e306497000 DEOPT PACKING pc=0x000001e375568374 sp=0x0000000718bfa590
Event: 8.769 Thread 0x000001e306497000 DEOPT UNPACKING pc=0x000001e36d7d74af sp=0x0000000718bfa538 mode 2
Event: 8.770 Thread 0x000001e306497000 Uncommon trap: trap_request=0xffffff4d fr.pc=0x000001e375555ff8 relative=0x0000000000001a18
Event: 8.770 Thread 0x000001e306497000 Uncommon trap: reason=unstable_if action=reinterpret pc=0x000001e375555ff8 method=java.util.regex.Pattern.atom()Ljava/util/regex/Pattern$Node; @ 14 c2
Event: 8.770 Thread 0x000001e306497000 DEOPT PACKING pc=0x000001e375555ff8 sp=0x0000000718bf9eb0
Event: 8.770 Thread 0x000001e306497000 DEOPT UNPACKING pc=0x000001e36d7d74af sp=0x0000000718bf9e88 mode 2
Event: 8.849 Thread 0x000001e306497000 Uncommon trap: trap_request=0xffffff4d fr.pc=0x000001e375547790 relative=0x0000000000000230
Event: 8.849 Thread 0x000001e306497000 Uncommon trap: reason=unstable_if action=reinterpret pc=0x000001e375547790 method=com.google.gson.stream.JsonReader.doPeek()I @ 315 c2
Event: 8.849 Thread 0x000001e306497000 DEOPT PACKING pc=0x000001e375547790 sp=0x0000000718bfaef0
Event: 8.849 Thread 0x000001e306497000 DEOPT UNPACKING pc=0x000001e36d7d74af sp=0x0000000718bfae68 mode 2
Event: 8.969 Thread 0x000001e306497000 Uncommon trap: trap_request=0xffffffdc fr.pc=0x000001e37560e15c relative=0x000000000000029c
Event: 8.969 Thread 0x000001e306497000 Uncommon trap: reason=class_check action=make_not_entrant pc=0x000001e37560e15c method=java.util.ArrayList.toArray([Ljava/lang/Object;)[Ljava/lang/Object; @ 21 c2
Event: 8.969 Thread 0x000001e306497000 DEOPT PACKING pc=0x000001e37560e15c sp=0x0000000718bf80d0
Event: 8.969 Thread 0x000001e306497000 DEOPT UNPACKING pc=0x000001e36d7d74af sp=0x0000000718bf80a0 mode 2
Event: 9.356 Thread 0x000001e306497000 Uncommon trap: trap_request=0xffffff4d fr.pc=0x000001e375638300 relative=0x0000000000000e40
Event: 9.356 Thread 0x000001e306497000 Uncommon trap: reason=unstable_if action=reinterpret pc=0x000001e375638300 method=com.esotericsoftware.kryo.io.Input.readString()Ljava/lang/String; @ 38 c2
Event: 9.356 Thread 0x000001e306497000 DEOPT PACKING pc=0x000001e375638300 sp=0x0000000718bf8ae0
Event: 9.356 Thread 0x000001e306497000 DEOPT UNPACKING pc=0x000001e36d7d74af sp=0x0000000718bf8aa8 mode 2
Event: 9.989 Thread 0x000001e306497000 DEOPT PACKING pc=0x000001e36e90783b sp=0x0000000718bfa0f0
Event: 9.989 Thread 0x000001e306497000 DEOPT UNPACKING pc=0x000001e36d7d72ce sp=0x0000000718bf9630 mode 0

Classes redefined (0 events):
No events

Internal exceptions (20 events):
Event: 7.702 Thread 0x000001e306497000 Exception <a 'java/lang/NoSuchMethodError'{0x000000008f64e940}: 'void java.lang.invoke.DirectMethodHandle$Holder.invokeStatic(java.lang.Object, java.lang.Object, java.lang.Object, java.lang.Object, java.lang.Object, java.lang.Object, java.lang.Object)'> (0x000000008f64e940) thrown at [./src/hotspot/share/interpreter/linkResolver.cpp, line 773]
Event: 7.748 Thread 0x000001e306497000 Exception <a 'java/lang/NoSuchMethodError'{0x000000008f446658}: 'void java.lang.invoke.DirectMethodHandle$Holder.invokeStatic(java.lang.Object, java.lang.Object, java.lang.Object, int, java.lang.Object)'> (0x000000008f446658) thrown at [./src/hotspot/share/interpreter/linkResolver.cpp, line 773]
Event: 8.149 Thread 0x000001e306497000 Exception <a 'java/lang/ClassNotFoundException'{0x000000008e5deb68}: com/android/build/gradle/internal/api/ApkVariantOutputImpl_DecoratedBeanInfo> (0x000000008e5deb68) thrown at [./src/hotspot/share/classfile/systemDictionary.cpp, line 231]
Event: 8.150 Thread 0x000001e306497000 Exception <a 'java/lang/ClassNotFoundException'{0x000000008e5f1610}: com/android/build/gradle/internal/api/ApkVariantOutputImplBeanInfo> (0x000000008e5f1610) thrown at [./src/hotspot/share/classfile/systemDictionary.cpp, line 231]
Event: 8.150 Thread 0x000001e306497000 Exception <a 'java/lang/ClassNotFoundException'{0x000000008e404e18}: com/android/build/gradle/internal/api/BaseVariantOutputImplBeanInfo> (0x000000008e404e18) thrown at [./src/hotspot/share/classfile/systemDictionary.cpp, line 231]
Event: 8.151 Thread 0x000001e306497000 Exception <a 'java/lang/ClassNotFoundException'{0x000000008e417ea0}: com/android/build/gradle/internal/api/BaseVariantOutputImplCustomizer> (0x000000008e417ea0) thrown at [./src/hotspot/share/classfile/systemDictionary.cpp, line 231]
Event: 8.152 Thread 0x000001e306497000 Exception <a 'java/lang/ClassNotFoundException'{0x000000008e43d640}: com/android/build/gradle/internal/api/ApkVariantOutputImplCustomizer> (0x000000008e43d640) thrown at [./src/hotspot/share/classfile/systemDictionary.cpp, line 231]
Event: 8.153 Thread 0x000001e306497000 Exception <a 'java/lang/ClassNotFoundException'{0x000000008e45eaa0}: com/android/build/gradle/internal/api/ApkVariantOutputImpl_DecoratedCustomizer> (0x000000008e45eaa0) thrown at [./src/hotspot/share/classfile/systemDictionary.cpp, line 231]
Event: 8.212 Thread 0x000001e306497000 Exception <a 'java/lang/ClassNotFoundException'{0x000000008e1cb218}: org/codehaus/groovy/runtime/MethodClosureBeanInfo> (0x000000008e1cb218) thrown at [./src/hotspot/share/classfile/systemDictionary.cpp, line 231]
Event: 8.213 Thread 0x000001e306497000 Exception <a 'java/lang/ClassNotFoundException'{0x000000008e1db320}: org/codehaus/groovy/runtime/MethodClosureCustomizer> (0x000000008e1db320) thrown at [./src/hotspot/share/classfile/systemDictionary.cpp, line 231]
Event: 8.214 Thread 0x000001e306497000 Exception <a 'java/lang/ClassNotFoundException'{0x000000008e008920}: org/greenrobot/greendao/gradle/Greendao3GradlePlugin$apply$1$1BeanInfo> (0x000000008e008920) thrown at [./src/hotspot/share/classfile/systemDictionary.cpp, line 231]
Event: 8.215 Thread 0x000001e306497000 Exception <a 'java/lang/ClassNotFoundException'{0x000000008e016b48}: kotlin/jvm/internal/LambdaBeanInfo> (0x000000008e016b48) thrown at [./src/hotspot/share/classfile/systemDictionary.cpp, line 231]
Event: 8.216 Thread 0x000001e306497000 Exception <a 'java/lang/ClassNotFoundException'{0x000000008e025328}: kotlin/jvm/internal/LambdaCustomizer> (0x000000008e025328) thrown at [./src/hotspot/share/classfile/systemDictionary.cpp, line 231]
Event: 8.217 Thread 0x000001e306497000 Exception <a 'java/lang/ClassNotFoundException'{0x000000008e03bfa8}: org/greenrobot/greendao/gradle/Greendao3GradlePlugin$apply$1$1Customizer> (0x000000008e03bfa8) thrown at [./src/hotspot/share/classfile/systemDictionary.cpp, line 231]
Event: 8.230 Thread 0x000001e306497000 Implicit null exception at 0x000001e37536bb14 to 0x000001e37536c0fc
Event: 8.231 Thread 0x000001e306497000 Exception <a 'java/lang/ClassNotFoundException'{0x000000008e0fcaa0}: org/greenrobot/greendao/gradle/Greendao3GradlePlugin$createGreendaoTask$generateTask$1$outputFileTree$1BeanInfo> (0x000000008e0fcaa0) thrown at [./src/hotspot/share/classfile/systemDictionary.cpp, line 231]
Event: 8.232 Thread 0x000001e306497000 Exception <a 'java/lang/ClassNotFoundException'{0x000000008df14128}: org/greenrobot/greendao/gradle/Greendao3GradlePlugin$createGreendaoTask$generateTask$1$outputFileTree$1Customizer> (0x000000008df14128) thrown at [./src/hotspot/share/classfile/systemDictionary.cpp, line 231]
Event: 8.561 Thread 0x000001e306497000 Exception <a 'java/lang/NullPointerException'{0x000000008c7e6548}> (0x000000008c7e6548) thrown at [./src/hotspot/share/interpreter/linkResolver.cpp, line 1440]
Event: 8.763 Thread 0x000001e306497000 Exception <a 'java/lang/NoSuchMethodError'{0x000000008b9978c8}: 'int java.lang.invoke.DirectMethodHandle$Holder.invokeStatic(java.lang.Object, java.lang.Object, int, java.lang.Object)'> (0x000000008b9978c8) thrown at [./src/hotspot/share/interpreter/linkResolver.cpp, line 773]
Event: 9.605 Thread 0x000001e306497000 Exception <a 'java/lang/NoSuchMethodError'{0x0000000089f28c20}: 'java.lang.Object java.lang.invoke.DirectMethodHandle$Holder.invokeStatic(java.lang.Object, int, int, java.lang.Object)'> (0x0000000089f28c20) thrown at [./src/hotspot/share/interpreter/linkResolver.cpp, line 773]

Events (20 events):
Event: 9.964 loading class org/gradle/api/artifacts/component/ComponentIdentifier
Event: 9.964 loading class org/gradle/api/artifacts/component/ComponentIdentifier done
Event: 9.964 loading class org/gradle/api/specs/Spec
Event: 9.964 loading class org/gradle/api/specs/Spec done
Event: 9.966 loading class com/android/build/gradle/internal/tasks/DexParameterInputs
Event: 9.966 loading class com/android/build/gradle/internal/tasks/DexParameterInputs done
Event: 9.968 loading class com/android/build/gradle/internal/tasks/DxDexParameterInputs
Event: 9.968 loading class com/android/build/gradle/internal/tasks/DxDexParameterInputs done
Event: 9.969 loading class org/gradle/api/tasks/LocalState
Event: 9.969 loading class org/gradle/api/tasks/LocalState done
Event: 9.976 loading class com/android/build/gradle/internal/tasks/DexArchiveBuilderTask$CreationAction$configure$1
Event: 9.976 loading class com/android/build/gradle/internal/tasks/DexArchiveBuilderTask$CreationAction$configure$1 done
Event: 9.977 loading class com/android/build/gradle/internal/dexing/DexParameters
Event: 9.977 loading class com/android/build/gradle/internal/dexing/DexParameters done
Event: 9.983 loading class com/android/build/gradle/internal/dexing/DxDexParameters
Event: 9.983 loading class com/android/build/gradle/internal/dexing/DxDexParameters done
Event: 9.986 Executing VM operation: CollectForMetadataAllocation
Event: 9.986 Executing VM operation: CollectForMetadataAllocation done
Event: 9.988 loading class com/android/build/gradle/internal/tasks/DexArchiveBuilderTaskKt
Event: 9.988 loading class com/android/build/gradle/internal/tasks/DexArchiveBuilderTaskKt done


Dynamic libraries:
0x00007ff63cff0000 - 0x00007ff63cffa000 	D:\android_studio\jre\bin\java.exe
0x00007ffca5f70000 - 0x00007ffca6165000 	C:\WINDOWS\SYSTEM32\ntdll.dll
0x00007ffca5e70000 - 0x00007ffca5f2d000 	C:\WINDOWS\System32\KERNEL32.DLL
0x00007ffca3830000 - 0x00007ffca3af9000 	C:\WINDOWS\System32\KERNELBASE.dll
0x00007ffca3730000 - 0x00007ffca3830000 	C:\WINDOWS\System32\ucrtbase.dll
0x00007ffc78900000 - 0x00007ffc78919000 	D:\android_studio\jre\bin\jli.dll
0x00007ffc75520000 - 0x00007ffc75537000 	D:\android_studio\jre\bin\VCRUNTIME140.dll
0x00007ffca43d0000 - 0x00007ffca4570000 	C:\WINDOWS\System32\USER32.dll
0x00007ffca3fa0000 - 0x00007ffca3fc2000 	C:\WINDOWS\System32\win32u.dll
0x00007ffca49e0000 - 0x00007ffca4a0a000 	C:\WINDOWS\System32\GDI32.dll
0x00007ffc8cc70000 - 0x00007ffc8cf0a000 	C:\WINDOWS\WinSxS\amd64_microsoft.windows.common-controls_6595b64144ccf1df_6.0.19041.1110_none_60b5254171f9507e\COMCTL32.dll
0x00007ffca3b00000 - 0x00007ffca3c0b000 	C:\WINDOWS\System32\gdi32full.dll
0x00007ffca3fd0000 - 0x00007ffca406e000 	C:\WINDOWS\System32\msvcrt.dll
0x00007ffca3c40000 - 0x00007ffca3cdd000 	C:\WINDOWS\System32\msvcp_win.dll
0x00007ffca5920000 - 0x00007ffca5950000 	C:\WINDOWS\System32\IMM32.DLL
0x00007ffc6c110000 - 0x00007ffc6c1ad000 	D:\android_studio\jre\bin\msvcp140.dll
0x00007ffc46300000 - 0x00007ffc46dbc000 	D:\android_studio\jre\bin\server\jvm.dll
0x00007ffca4a10000 - 0x00007ffca4abc000 	C:\WINDOWS\System32\ADVAPI32.dll
0x00007ffca5dd0000 - 0x00007ffca5e6b000 	C:\WINDOWS\System32\sechost.dll
0x00007ffca48b0000 - 0x00007ffca49da000 	C:\WINDOWS\System32\RPCRT4.dll
0x00007ffca4c50000 - 0x00007ffca4c58000 	C:\WINDOWS\System32\PSAPI.DLL
0x00007ffca0a40000 - 0x00007ffca0a49000 	C:\WINDOWS\SYSTEM32\WSOCK32.dll
0x00007ffc8b8a0000 - 0x00007ffc8b8c7000 	C:\WINDOWS\SYSTEM32\WINMM.dll
0x00007ffca5670000 - 0x00007ffca56db000 	C:\WINDOWS\System32\WS2_32.dll
0x00007ffc9c560000 - 0x00007ffc9c56a000 	C:\WINDOWS\SYSTEM32\VERSION.dll
0x00007ffca1f30000 - 0x00007ffca1f42000 	C:\WINDOWS\SYSTEM32\kernel.appcore.dll
0x00007ffc9b7b0000 - 0x00007ffc9b7c1000 	D:\android_studio\jre\bin\verify.dll
0x00007ffca14b0000 - 0x00007ffca1694000 	C:\WINDOWS\SYSTEM32\DBGHELP.DLL
0x00007ffc8da40000 - 0x00007ffc8da6c000 	C:\WINDOWS\SYSTEM32\dbgcore.DLL
0x00007ffca36a0000 - 0x00007ffca3723000 	C:\WINDOWS\System32\bcryptPrimitives.dll
0x00007ffc9b690000 - 0x00007ffc9b6b9000 	D:\android_studio\jre\bin\java.dll
0x00007ffc9ee90000 - 0x00007ffc9ee9b000 	D:\android_studio\jre\bin\jimage.dll
0x00007ffc9b670000 - 0x00007ffc9b688000 	D:\android_studio\jre\bin\zip.dll
0x00007ffca4f30000 - 0x00007ffca566f000 	C:\WINDOWS\System32\SHELL32.dll
0x00007ffca16a0000 - 0x00007ffca1e30000 	C:\WINDOWS\SYSTEM32\windows.storage.dll
0x00007ffca4070000 - 0x00007ffca43c5000 	C:\WINDOWS\System32\combase.dll
0x00007ffca3100000 - 0x00007ffca312c000 	C:\WINDOWS\SYSTEM32\Wldp.dll
0x00007ffca4c60000 - 0x00007ffca4d0e000 	C:\WINDOWS\System32\SHCORE.dll
0x00007ffca4780000 - 0x00007ffca47d5000 	C:\WINDOWS\System32\shlwapi.dll
0x00007ffca35e0000 - 0x00007ffca35ff000 	C:\WINDOWS\SYSTEM32\profapi.dll
0x00007ffc9b650000 - 0x00007ffc9b66a000 	D:\android_studio\jre\bin\net.dll
0x00007ffc8d4a0000 - 0x00007ffc8d5a8000 	C:\WINDOWS\SYSTEM32\WINHTTP.dll
0x00007ffca2e60000 - 0x00007ffca2eca000 	C:\WINDOWS\system32\mswsock.dll
0x00007ffc98dc0000 - 0x00007ffc98dd4000 	D:\android_studio\jre\bin\nio.dll
0x00007ffc6fbd0000 - 0x00007ffc6fbf6000 	C:\Users\wangx\.gradle\native\31\windows-amd64\native-platform.dll
0x00007ffc9da10000 - 0x00007ffc9da1a000 	D:\android_studio\jre\bin\management.dll
0x00007ffc9c2b0000 - 0x00007ffc9c2bc000 	D:\android_studio\jre\bin\management_ext.dll
0x00007ffca3060000 - 0x00007ffca3078000 	C:\WINDOWS\SYSTEM32\CRYPTSP.dll
0x00007ffca2770000 - 0x00007ffca27a4000 	C:\WINDOWS\system32\rsaenh.dll
0x00007ffca3c10000 - 0x00007ffca3c37000 	C:\WINDOWS\System32\bcrypt.dll
0x00007ffca3560000 - 0x00007ffca358e000 	C:\WINDOWS\SYSTEM32\USERENV.dll
0x00007ffca3050000 - 0x00007ffca305c000 	C:\WINDOWS\SYSTEM32\CRYPTBASE.dll
0x00007ffca2b00000 - 0x00007ffca2b3b000 	C:\WINDOWS\SYSTEM32\IPHLPAPI.DLL
0x00007ffca5880000 - 0x00007ffca5888000 	C:\WINDOWS\System32\NSI.dll
0x00007ffca0b20000 - 0x00007ffca0b37000 	C:\WINDOWS\SYSTEM32\dhcpcsvc6.DLL
0x00007ffca0b00000 - 0x00007ffca0b1d000 	C:\WINDOWS\SYSTEM32\dhcpcsvc.DLL
0x00007ffca2b50000 - 0x00007ffca2c1c000 	C:\WINDOWS\SYSTEM32\DNSAPI.dll

dbghelp: loaded successfully - version: 4.0.5 - missing functions: none
symbol engine: initialized successfully - sym options: 0x614 - pdb path: .;D:\android_studio\jre\bin;C:\WINDOWS\SYSTEM32;C:\WINDOWS\WinSxS\amd64_microsoft.windows.common-controls_6595b64144ccf1df_6.0.19041.1110_none_60b5254171f9507e;D:\android_studio\jre\bin\server;C:\Users\wangx\.gradle\native\31\windows-amd64

VM Arguments:
jvm_args: --add-opens=java.base/java.util=ALL-UNNAMED --add-opens=java.base/java.lang=ALL-UNNAMED --add-opens=java.base/java.lang.invoke=ALL-UNNAMED --add-opens=java.prefs/java.util.prefs=ALL-UNNAMED -Xmx2048m -Dfile.encoding=UTF-8 -Duser.country=CN -Duser.language=zh -Duser.variant 
java_command: org.gradle.launcher.daemon.bootstrap.GradleDaemon 6.1.1
java_class_path (initial): C:\Users\wangx\.gradle\wrapper\dists\gradle-6.1.1-all\cfmwm155h49vnt3hynmlrsdst\gradle-6.1.1\lib\gradle-launcher-6.1.1.jar
Launcher Type: SUN_STANDARD

[Global flags]
     intx CICompilerCount                          = 4                                         {product} {ergonomic}
     uint ConcGCThreads                            = 2                                         {product} {ergonomic}
     uint G1ConcRefinementThreads                  = 8                                         {product} {ergonomic}
   size_t G1HeapRegionSize                         = 1048576                                   {product} {ergonomic}
    uintx GCDrainStackTargetSize                   = 64                                        {product} {ergonomic}
   size_t InitialHeapSize                          = 266338304                                 {product} {ergonomic}
   size_t MarkStackSize                            = 4194304                                   {product} {ergonomic}
   size_t MaxHeapSize                              = 2147483648                                {product} {command line}
   size_t MaxNewSize                               = 1287651328                                {product} {ergonomic}
   size_t MinHeapDeltaBytes                        = 1048576                                   {product} {ergonomic}
    uintx NonNMethodCodeHeapSize                   = 5836300                                {pd product} {ergonomic}
    uintx NonProfiledCodeHeapSize                  = 122910970                              {pd product} {ergonomic}
    uintx ProfiledCodeHeapSize                     = 122910970                              {pd product} {ergonomic}
    uintx ReservedCodeCacheSize                    = 251658240                              {pd product} {ergonomic}
     bool SegmentedCodeCache                       = true                                      {product} {ergonomic}
     bool UseCompressedClassPointers               = true                                 {lp64_product} {ergonomic}
     bool UseCompressedOops                        = true                                 {lp64_product} {ergonomic}
     bool UseG1GC                                  = true                                      {product} {ergonomic}
     bool UseLargePagesIndividualAllocation        = false                                  {pd product} {ergonomic}

Logging:
Log output configuration:
 #0: stdout all=warning uptime,level,tags
 #1: stderr all=off uptime,level,tags

Environment Variables:
JAVA_HOME=C:\Program Files\Java\jdk1.8.0_221
CLASSPATH=.;C:\Program Files\Java\jdk1.8.0_221\lib;C:\Program Files\Java\jdk1.8.0_221\lib\dt.jar;C:\Program Files\Java\jdk1.8.0_221\lib\tools.jar
PATH=C:\Program Files (x86)\Common Files\Oracle\Java\javapath;C:\windows\system32;C:\windows;C:\windows\System32\Wbem;C:\windows\System32\WindowsPowerShell\v1.0\;C:\windows\System32\OpenSSH\;C:\Program Files (x86)\NVIDIA Corporation\PhysX\Common;C:\Program Files\NVIDIA Corporation\NVIDIA NvDLISR;F:\java_work\node_js\;C:\WINDOWS\system32;C:\WINDOWS;C:\WINDOWS\System32\Wbem;C:\WINDOWS\System32\WindowsPowerShell\v1.0\;C:\WINDOWS\System32\OpenSSH\;C:\Program Files\Java\jdk1.8.0_221\bin;C:\Program Files\Java\jdk1.8.0_221\jre\bin;D:\apache-maven-3.5.2\bin;D:\git_soft\Git\cmd;D:\android_sdk\AndroidSdk\platform-tools;C:\Users\wangx\AppData\Local\Microsoft\WindowsApps;C:\Users\wangx\AppData\Roaming\npm;F:\java_work\visualstydio\Microsoft VS Code\bin;;D:\idea_soft\IntelliJ IDEA 2020.2.2\bin;
USERNAME=wangxk
OS=Windows_NT
PROCESSOR_IDENTIFIER=Intel64 Family 6 Model 158 Stepping 10, GenuineIntel



---------------  S Y S T E M  ---------------

OS: Windows 10 , 64 bit Build 19041 (10.0.19041.1151)
OS uptime: 0 days 5:43 hours

CPU:total 8 (initial active 8) (4 cores per cpu, 2 threads per core) family 6 model 158 stepping 10, cmov, cx8, fxsr, mmx, sse, sse2, sse3, ssse3, sse4.1, sse4.2, popcnt, avx, avx2, aes, clmul, erms, 3dnowpref, lzcnt, ht, tsc, tscinvbit, bmi1, bmi2, adx, fma

Memory: 4k page, system-wide physical 16191M (266M free)
TotalPageFile size 29516M (AvailPageFile size 52M)
current process WorkingSet (physical memory assigned to process): 391M, peak: 392M
current process commit charge ("private bytes"): 503M, peak: 504M

vm_info: OpenJDK 64-Bit Server VM (11.0.8+10-b944.6842174) for windows-amd64 JRE (11.0.8+10-b944.6842174), built on Sep 19 2020 01:11:42 by "builder" with MS VC++ 14.0 (VS2015)

END.
